Arguments: 
  /usr/bin/node /usr/bin/yarn install

PATH: 
  /home/lukas/.gcloud/google-cloud-sdk/bin:/home/lukas/.local/bin:/home/lukas/.local/bin:/usr/local/bin:/usr/bin:/bin:/usr/local/sbin:/usr/lib/jvm/default/bin:/usr/bin/site_perl:/usr/bin/vendor_perl:/usr/bin/core_perl:/var/lib/snapd/snap/bin:/var/lib/snapd/snap/bin:/home/lukas/go/bin:/var/lib/snapd/snap/bin:/home/lukas/go/bin:/usr/lib/jvm/default/bin:/usr/bin/site_perl:/usr/bin/vendor_perl:/usr/bin/core_perl:/var/lib/snapd/snap/bin:/home/lukas/go/bin:/home/lukas/bin:/home/lukas/bin

Yarn version: 
  1.21.0

Node version: 
  12.13.0

Platform: 
  linux x64

Trace: 
  Error: EACCES: permission denied, unlink '/home/lukas/devel/pers/secret_santa/node_modules/@fortawesome/fontawesome-free/LICENSE.txt'

npm manifest: 
  {
    "name": "buffalo",
    "version": "1.0.0",
    "main": "index.js",
    "license": "MIT",
    "scripts": {
      "dev": "webpack --watch",
      "build": "webpack -p --progress"
    },
    "repository": "github.com/gobuffalo/buffalo",
    "dependencies": {
      "bootstrap": "4.3.1",
      "popper.js": "^1.14.4",
      "@fortawesome/fontawesome-free": "^5.8.1",
      "jquery": "~3.4.1",
      "jquery-ujs": "~1.2.2"
    },
    "devDependencies": {
      "@babel/cli": "^7.0.0",
      "@babel/core": "^7.0.0",
      "@babel/preset-env": "^7.0.0",
      "babel-loader": "^8.0.5",
  
      "css-loader": "~1.0.0",
      "expose-loader": "~0.7.5",
      "file-loader": "~2.0.0",
      "gopherjs-loader": "^0.0.1",
      "sass-loader": "~7.1.0",
      "style-loader": "~0.23.0",
      "url-loader": "~1.1.1",
  
      "npm-install-webpack-plugin": "4.0.5",
      "uglifyjs-webpack-plugin": "~1.3.0",
      "mini-css-extract-plugin": "^0.4.2",
      "webpack-clean-obsolete-chunks": "^0.4.0",
      "copy-webpack-plugin": "~4.5.2",
  
      "webpack": "~4.5.0",
      "webpack-cli": "3.1.0",
      "webpack-livereload-plugin":"2.1.1",
      "webpack-manifest-plugin": "~2.0.0",
      "node-sass": "~4.12.0"
    }
  }

yarn manifest: 
  No manifest

Lockfile: 
  No lockfile
